<?xml version="1.0" encoding="UTF-8"?>
<!-- Generated by org.testng.reporters.JUnitXMLReporter -->
<testsuite ignored="0" hostname="DESKTOP-PNKIU06" failures="0" tests="3" name="Default test" time="0.146" errors="0" timestamp="2024-05-08T20:01:25 IST">
  <testcase classname="testNG.DisableEnablemodule2" name="APILoginCarLoan" time="0.02"/>
  <testcase classname="testNG.DisableEnablemodule2" name="MobileLoginCarLoan" time="0.004"/>
  <testcase classname="testNG.DisableEnablemodule2" name="WebLoginCarLoan" time="0.008"/>
</testsuite> <!-- Default test -->
