<?xml version="1.0" encoding="UTF-8"?>
<testng-results ignored="5" total="9" passed="4" failed="0" skipped="0">
  <reporter-output>
  </reporter-output>
  <suite started-at="2024-05-08T20:10:11 IST" name="loan_department" finished-at="2024-05-08T20:10:11 IST" duration-ms="333">
    <groups>
    </groups>
    <test started-at="2024-05-08T20:10:11 IST" name="Personal_loan" finished-at="2024-05-08T20:10:11 IST" duration-ms="95">
      <class name="testNG.DisableEnablemodule1">
        <test-method signature="test2()[pri:0, instance:testNG.DisableEnablemodule1@2fb3536e]" started-at="2024-05-08T20:10:11 IST" name="test2" finished-at="2024-05-08T20:10:11 IST" duration-ms="17" status="PASS">
          <reporter-output>
          </reporter-output>
        </test-method> <!-- test2 -->
      </class> <!-- testNG.DisableEnablemodule1 -->
    </test> <!-- Personal_loan -->
    <test started-at="2024-05-08T20:10:11 IST" name="Car_loan" finished-at="2024-05-08T20:10:11 IST" duration-ms="37">
      <class name="testNG.DisableEnablemodule2">
        <test-method signature="APILoginCarLoan()[pri:0, instance:testNG.DisableEnablemodule2@2d710f1a]" started-at="2024-05-08T20:10:11 IST" name="APILoginCarLoan" finished-at="2024-05-08T20:10:11 IST" duration-ms="3" status="PASS">
          <reporter-output>
          </reporter-output>
        </test-method> <!-- APILoginCarLoan -->
        <test-method signature="WebLoginCarLoan()[pri:0, instance:testNG.DisableEnablemodule2@2d710f1a]" started-at="2024-05-08T20:10:11 IST" name="WebLoginCarLoan" finished-at="2024-05-08T20:10:11 IST" duration-ms="10" status="PASS">
          <reporter-output>
          </reporter-output>
        </test-method> <!-- WebLoginCarLoan -->
      </class> <!-- testNG.DisableEnablemodule2 -->
    </test> <!-- Car_loan -->
    <test started-at="2024-05-08T20:10:11 IST" name="Test" finished-at="2024-05-08T20:10:11 IST" duration-ms="23">
      <class name="testNG.ExcludeInclude">
        <test-method signature="test3()[pri:0, instance:testNG.ExcludeInclude@1ed6388a]" started-at="2024-05-08T20:10:11 IST" name="test3" finished-at="2024-05-08T20:10:11 IST" duration-ms="5" status="PASS">
          <reporter-output>
          </reporter-output>
        </test-method> <!-- test3 -->
      </class> <!-- testNG.ExcludeInclude -->
    </test> <!-- Test -->
  </suite> <!-- loan_department -->
</testng-results>
