<?xml version="1.0" encoding="UTF-8"?>
<!-- Generated by org.testng.reporters.JUnitXMLReporter -->
<testsuite ignored="1" hostname="DESKTOP-PNKIU06" failures="0" tests="2" name="Car_loan" time="0.037" errors="0" timestamp="2024-05-08T20:10:11 IST">
  <testcase classname="testNG.DisableEnablemodule2" name="APILoginCarLoan" time="0.003"/>
  <testcase classname="testNG.DisableEnablemodule2" name="WebLoginCarLoan" time="0.01"/>
  <testcase classname="testNG.DisableEnablemodule2" name="MobileLoginCarLoan" time="0.0">
    <ignored/>
  </testcase> <!-- MobileLoginCarLoan -->
</testsuite> <!-- Car_loan -->
