<?xml version="1.0" encoding="UTF-8"?>
<!-- Generated by org.testng.reporters.JUnitXMLReporter -->
<testsuite ignored="3" hostname="DESKTOP-PNKIU06" failures="0" tests="1" name="Test" time="0.023" errors="0" timestamp="2024-05-08T20:10:11 IST">
  <testcase classname="testNG.ExcludeInclude" name="test3" time="0.005"/>
  <testcase classname="testNG.ExcludeInclude" name="test2" time="0.0">
    <ignored/>
  </testcase> <!-- test2 -->
  <testcase classname="testNG.ExcludeInclude" name="test4" time="0.0">
    <ignored/>
  </testcase> <!-- test4 -->
  <testcase classname="testNG.ExcludeInclude" name="test1" time="0.0">
    <ignored/>
  </testcase> <!-- test1 -->
</testsuite> <!-- Test -->
